Pesticide Concentration Detection Application/source code/TESTSUB/TESTSUB/app/build/intermediates/manifest_merge_blame_file/debug/manifest-merger-blame-debug-report.txt
1<?xml version="1.0" encoding="utf-8"?>
2<manifest xmlns:android="http://schemas.android.com/apk/res/android"
3    package="com.example.testsub"
4    android:versionCode="1"
5    android:versionName="1.0" >
6
7    <uses-sdk
8        android:minSdkVersion="16"
8-->src\main\AndroidManifest.xml
9        android:targetSdkVersion="29" />
9-->src\main\AndroidManifest.xml
10
11    <uses-permission android:name="android.permission.CAMERA" />
11-->src\main\AndroidManifest.xml:44:5-65
11-->src\main\AndroidManifest.xml:44:22-62
12    <uses-permission android:name="android.permission.WRITE_EXTERNAL_STORAGE" />
12-->src\main\AndroidManifest.xml:45:5-81
12-->src\main\AndroidManifest.xml:45:22-78
13    <uses-permission android:name="android.permission.MOUNT_UNMOUNT_FILESYSTEMS" />
13-->src\main\AndroidManifest.xml:46:5-48:47
13-->src\main\AndroidManifest.xml:47:9-68
14    <uses-permission android:name="android.permission.READ_EXTERNAL_STORAGE" />
14-->src\main\AndroidManifest.xml:50:5-80
14-->src\main\AndroidManifest.xml:50:22-77
15    <uses-permission android:name="android.permission.READ_CONTACTS" />
15-->src\main\AndroidManifest.xml:51:5-72
15-->src\main\AndroidManifest.xml:51:22-69
16    <uses-permission android:name="android.permission.INTERNET" />
16-->src\main\AndroidManifest.xml:52:5-66
16-->src\main\AndroidManifest.xml:52:22-64
17    <uses-permission android:name="android.permission.ACCESS_NETWORK_STATE" />
17-->src\main\AndroidManifest.xml:53:5-78
17-->src\main\AndroidManifest.xml:53:22-76
18
19    <application
19-->src\main\AndroidManifest.xml:6:5-43:19
20        android:allowBackup="true"
20-->src\main\AndroidManifest.xml:7:9-35
21        android:appComponentFactory="androidx.core.app.CoreComponentFactory"
21-->[androidx.core:core:1.1.0] AndroidManifest.xml:24:18-86
22        android:debuggable="true"
23        android:icon="@mipmap/ic_launcher"
23-->src\main\AndroidManifest.xml:8:9-43
24        android:label="@string/app_name"
24-->src\main\AndroidManifest.xml:9:9-41
25        android:roundIcon="@mipmap/ic_launcher_round"
25-->src\main\AndroidManifest.xml:10:9-54
26        android:supportsRtl="true"
26-->src\main\AndroidManifest.xml:11:9-35
27        android:theme="@style/AppTheme" >
27-->src\main\AndroidManifest.xml:12:9-40
28        <activity android:name="com.example.testsub.loginActivity" >
28-->src\main\AndroidManifest.xml:13:9-19:20
28-->src\main\AndroidManifest.xml:13:19-48
29            <intent-filter>
29-->src\main\AndroidManifest.xml:14:13-18:29
30                <action android:name="android.intent.action.MAIN" />
30-->src\main\AndroidManifest.xml:15:17-69
30-->src\main\AndroidManifest.xml:15:25-66
31
32                <category android:name="android.intent.category.LAUNCHER" />
32-->src\main\AndroidManifest.xml:17:17-77
32-->src\main\AndroidManifest.xml:17:27-74
33            </intent-filter>
34        </activity>
35        <activity android:name="com.example.testsub.exist_model" />
35-->src\main\AndroidManifest.xml:20:9-48
35-->src\main\AndroidManifest.xml:20:19-46
36        <activity android:name="com.example.testsub.set_func" />
36-->src\main\AndroidManifest.xml:21:9-46
36-->src\main\AndroidManifest.xml:21:19-43
37        <activity android:name="com.example.testsub.train_model" />
37-->src\main\AndroidManifest.xml:22:9-49
37-->src\main\AndroidManifest.xml:22:19-46
38        <activity android:name="com.example.testsub.choose_model" >
38-->src\main\AndroidManifest.xml:23:9-29:20
38-->src\main\AndroidManifest.xml:23:19-47
39            <intent-filter>
39-->src\main\AndroidManifest.xml:14:13-18:29
40                <action android:name="android.intent.action.MAIN" />
40-->src\main\AndroidManifest.xml:15:17-69
40-->src\main\AndroidManifest.xml:15:25-66
41
42                <category android:name="android.intent.category.LAUNCHER" />
42-->src\main\AndroidManifest.xml:17:17-77
42-->src\main\AndroidManifest.xml:17:27-74
43            </intent-filter>
44        </activity>
45        <activity android:name="com.example.testsub.drawResult" />
45-->src\main\AndroidManifest.xml:30:9-48
45-->src\main\AndroidManifest.xml:30:19-45
46        <activity android:name="com.example.testsub.getPic" />
46-->src\main\AndroidManifest.xml:31:9-44
46-->src\main\AndroidManifest.xml:31:19-41
47        <activity android:name="com.example.testsub.LeastSquareMethod" />
47-->src\main\AndroidManifest.xml:32:9-55
47-->src\main\AndroidManifest.xml:32:19-52
48        <activity android:name="com.example.testsub.RegisterActivity" />
48-->src\main\AndroidManifest.xml:33:9-54
48-->src\main\AndroidManifest.xml:33:19-51
49
50        <provider
50-->src\main\AndroidManifest.xml:34:9-42:20
51            android:name="androidx.core.content.FileProvider"
51-->src\main\AndroidManifest.xml:35:13-62
52            android:authorities="com.zhi_dian.provider"
52-->src\main\AndroidManifest.xml:36:13-56
53            android:exported="false"
53-->src\main\AndroidManifest.xml:37:13-37
54            android:grantUriPermissions="true" >
54-->src\main\AndroidManifest.xml:38:13-47
55            <meta-data
55-->src\main\AndroidManifest.xml:39:13-41:54
56                android:name="android.support.FILE_PROVIDER_PATHS"
56-->src\main\AndroidManifest.xml:40:17-67
57                android:resource="@xml/file_paths" />
57-->src\main\AndroidManifest.xml:41:17-51
58        </provider>
59    </application>
60
61</manifest>